Using launch settings from c:\Users\ADMIN\OneDrive\M├íy t├¡nh\exam\src\ExamSystem.API\Properties\launchSettings.json...
Building...
warn: Microsoft.EntityFrameworkCore.Model.Validation[10625]
      The foreign key property 'ExamStatistic.ExamId1' was created in shadow state because a conflicting property with the simple name 'ExamId' exists in the entity type, but is either not mapped, is already used for another relationship, or is incompatible with the associated primary key type. See https://aka.ms/efcore-relationships for information on mapping relationships in EF Core.
info: Microsoft.EntityFrameworkCore.Database.Command[20101]
      Executed DbCommand (16ms) [Parameters=[], CommandType='Text', CommandTimeout='30']
      SELECT 1
info: Microsoft.EntityFrameworkCore.Database.Command[20101]
      Executed DbCommand (25ms) [Parameters=[], CommandType='Text', CommandTimeout='30']
      SELECT CASE WHEN COUNT(*) = 0 THEN FALSE ELSE TRUE END
FROM pg_class AS cls
JOIN pg_namespace AS ns ON ns.oid = cls.relnamespace
WHERE
        cls.relkind IN ('r', 'v', 'm', 'f', 'p') AND
        ns.nspname NOT IN ('pg_catalog', 'information_schema') AND
        -- Exclude tables which are members of PG extensions
        NOT EXISTS (
            SELECT 1 FROM pg_depend WHERE
                classid=(
                    SELECT cls.oid
                    FROM pg_class AS cls
                             JOIN pg_namespace AS ns ON ns.oid = cls.relnamespace
                    WHERE relname='pg_class' AND ns.nspname='pg_catalog'
                ) AND
                objid=cls.oid AND
                deptype IN ('e', 'x')
        )
info: Microsoft.EntityFrameworkCore.Database.Command[20101]
      Executed DbCommand (9ms) [Parameters=[@normalizedName='?'], CommandType='Text', CommandTimeout='30']
      SELECT a."Id", a."ConcurrencyStamp", a."Name", a."NormalizedName"
      FROM "AspNetRoles" AS a
      WHERE a."NormalizedName" = @normalizedName
      LIMIT 1
info: Microsoft.EntityFrameworkCore.Database.Command[20101]
      Executed DbCommand (1ms) [Parameters=[@normalizedName='?'], CommandType='Text', CommandTimeout='30']
      SELECT a."Id", a."ConcurrencyStamp", a."Name", a."NormalizedName"
      FROM "AspNetRoles" AS a
      WHERE a."NormalizedName" = @normalizedName
      LIMIT 1
info: Microsoft.EntityFrameworkCore.Database.Command[20101]
      Executed DbCommand (1ms) [Parameters=[@normalizedName='?'], CommandType='Text', CommandTimeout='30']
      SELECT a."Id", a."ConcurrencyStamp", a."Name", a."NormalizedName"
      FROM "AspNetRoles" AS a
      WHERE a."NormalizedName" = @normalizedName
      LIMIT 1
info: Microsoft.EntityFrameworkCore.Database.Command[20101]
      Executed DbCommand (2ms) [Parameters=[@normalizedEmail='?'], CommandType='Text', CommandTimeout='30']
      SELECT a."Id", a."AccessFailedCount", a."ConcurrencyStamp", a."CreatedAt", a."Email", a."EmailConfirmed", a."FullName", a."IsActive", a."LockoutEnabled", a."LockoutEnd", a."NormalizedEmail", a."NormalizedUserName", a."PasswordHash", a."PhoneNumber", a."PhoneNumberConfirmed", a."SecurityStamp", a."TwoFactorEnabled", a."UserName"
      FROM "AspNetUsers" AS a
      WHERE a."NormalizedEmail" = @normalizedEmail
      LIMIT 2
info: Microsoft.EntityFrameworkCore.Database.Command[20101]
      Executed DbCommand (1ms) [Parameters=[@normalizedEmail='?'], CommandType='Text', CommandTimeout='30']
      SELECT a."Id", a."AccessFailedCount", a."ConcurrencyStamp", a."CreatedAt", a."Email", a."EmailConfirmed", a."FullName", a."IsActive", a."LockoutEnabled", a."LockoutEnd", a."NormalizedEmail", a."NormalizedUserName", a."PasswordHash", a."PhoneNumber", a."PhoneNumberConfirmed", a."SecurityStamp", a."TwoFactorEnabled", a."UserName"
      FROM "AspNetUsers" AS a
      WHERE a."NormalizedEmail" = @normalizedEmail
      LIMIT 2
info: Microsoft.EntityFrameworkCore.Database.Command[20101]
      Executed DbCommand (1ms) [Parameters=[@normalizedEmail='?'], CommandType='Text', CommandTimeout='30']
      SELECT a."Id", a."AccessFailedCount", a."ConcurrencyStamp", a."CreatedAt", a."Email", a."EmailConfirmed", a."FullName", a."IsActive", a."LockoutEnabled", a."LockoutEnd", a."NormalizedEmail", a."NormalizedUserName", a."PasswordHash", a."PhoneNumber", a."PhoneNumberConfirmed", a."SecurityStamp", a."TwoFactorEnabled", a."UserName"
      FROM "AspNetUsers" AS a
      WHERE a."NormalizedEmail" = @normalizedEmail
      LIMIT 2
info: Microsoft.EntityFrameworkCore.Database.Command[20101]
      Executed DbCommand (1ms) [Parameters=[@normalizedUserName='?'], CommandType='Text', CommandTimeout='30']
      SELECT a."Id", a."AccessFailedCount", a."ConcurrencyStamp", a."CreatedAt", a."Email", a."EmailConfirmed", a."FullName", a."IsActive", a."LockoutEnabled", a."LockoutEnd", a."NormalizedEmail", a."NormalizedUserName", a."PasswordHash", a."PhoneNumber", a."PhoneNumberConfirmed", a."SecurityStamp", a."TwoFactorEnabled", a."UserName"
      FROM "AspNetUsers" AS a
      WHERE a."NormalizedUserName" = @normalizedUserName
      LIMIT 1
info: Microsoft.EntityFrameworkCore.Database.Command[20101]
      Executed DbCommand (6ms) [Parameters=[@p0='?' (DbType = Int32), @p1='?', @p2='?' (DbType = DateTime), @p3='?', @p4='?' (DbType = Boolean), @p5='?', @p6='?' (DbType = Boolean), @p7='?' (DbType = Boolean), @p8='?' (DbType = DateTime), @p9='?', @p10='?', @p11='?', @p12='?', @p13='?' (DbType = Boolean), @p14='?', @p15='?' (DbType = Boolean), @p16='?'], CommandType='Text', CommandTimeout='30']
      INSERT INTO "AspNetUsers" ("AccessFailedCount", "ConcurrencyStamp", "CreatedAt", "Email", "EmailConfirmed", "FullName", "IsActive", "LockoutEnabled", "LockoutEnd", "NormalizedEmail", "NormalizedUserName", "PasswordHash", "PhoneNumber", "PhoneNumberConfirmed", "SecurityStamp", "TwoFactorEnabled", "UserName")
      VALUES (@p0, @p1, @p2, @p3, @p4, @p5, @p6, @p7, @p8, @p9, @p10, @p11, @p12, @p13, @p14, @p15, @p16)
      RETURNING "Id";
info: Microsoft.EntityFrameworkCore.Database.Command[20101]
      Executed DbCommand (1ms) [Parameters=[@normalizedRoleName='?'], CommandType='Text', CommandTimeout='30']
      SELECT a."Id", a."ConcurrencyStamp", a."Name", a."NormalizedName"
      FROM "AspNetRoles" AS a
      WHERE a."NormalizedName" = @normalizedRoleName
      LIMIT 2
info: Microsoft.EntityFrameworkCore.Database.Command[20101]
      Executed DbCommand (2ms) [Parameters=[@p='?' (DbType = Int64), @p1='?' (DbType = Int64)], CommandType='Text', CommandTimeout='30']
      SELECT a."UserId", a."RoleId"
      FROM "AspNetUserRoles" AS a
      WHERE a."UserId" = @p AND a."RoleId" = @p1
      LIMIT 1
info: Microsoft.EntityFrameworkCore.Database.Command[20101]
      Executed DbCommand (1ms) [Parameters=[@normalizedRoleName='?'], CommandType='Text', CommandTimeout='30']
      SELECT a."Id", a."ConcurrencyStamp", a."Name", a."NormalizedName"
      FROM "AspNetRoles" AS a
      WHERE a."NormalizedName" = @normalizedRoleName
      LIMIT 2
info: Microsoft.EntityFrameworkCore.Database.Command[20101]
      Executed DbCommand (1ms) [Parameters=[@normalizedUserName='?'], CommandType='Text', CommandTimeout='30']
      SELECT a."Id", a."AccessFailedCount", a."ConcurrencyStamp", a."CreatedAt", a."Email", a."EmailConfirmed", a."FullName", a."IsActive", a."LockoutEnabled", a."LockoutEnd", a."NormalizedEmail", a."NormalizedUserName", a."PasswordHash", a."PhoneNumber", a."PhoneNumberConfirmed", a."SecurityStamp", a."TwoFactorEnabled", a."UserName"
      FROM "AspNetUsers" AS a
      WHERE a."NormalizedUserName" = @normalizedUserName
      LIMIT 1
info: Microsoft.EntityFrameworkCore.Database.Command[20101]
      Executed DbCommand (2ms) [Parameters=[@p0='?' (DbType = Int64), @p1='?' (DbType = Int64), @p19='?' (DbType = Int64), @p2='?' (DbType = Int32), @p3='?', @p20='?', @p4='?' (DbType = DateTime), @p5='?', @p6='?' (DbType = Boolean), @p7='?', @p8='?' (DbType = Boolean), @p9='?' (DbType = Boolean), @p10='?' (DbType = DateTime), @p11='?', @p12='?', @p13='?', @p14='?', @p15='?' (DbType = Boolean), @p16='?', @p17='?' (DbType = Boolean), @p18='?'], CommandType='Text', CommandTimeout='30']
      INSERT INTO "AspNetUserRoles" ("RoleId", "UserId")
      VALUES (@p0, @p1);
      UPDATE "AspNetUsers" SET "AccessFailedCount" = @p2, "ConcurrencyStamp" = @p3, "CreatedAt" = @p4, "Email" = @p5, "EmailConfirmed" = @p6, "FullName" = @p7, "IsActive" = @p8, "LockoutEnabled" = @p9, "LockoutEnd" = @p10, "NormalizedEmail" = @p11, "NormalizedUserName" = @p12, "PasswordHash" = @p13, "PhoneNumber" = @p14, "PhoneNumberConfirmed" = @p15, "SecurityStamp" = @p16, "TwoFactorEnabled" = @p17, "UserName" = @p18
      WHERE "Id" = @p19 AND "ConcurrencyStamp" = @p20;
info: Microsoft.EntityFrameworkCore.Database.Command[20101]
      Executed DbCommand (3ms) [Parameters=[@studentUser_Id='?' (DbType = Int64)], CommandType='Text', CommandTimeout='30']
      SELECT EXISTS (
          SELECT 1
          FROM "Students" AS s
          WHERE s."UserId" = @studentUser_Id)
info: Microsoft.EntityFrameworkCore.Database.Command[20101]
      Executed DbCommand (4ms) [Parameters=[@p0='?' (DbType = Int64), @p1='?', @p2='?', @p3='?' (DbType = Int64)], CommandType='Text', CommandTimeout='30']
      INSERT INTO "Students" ("ClassId", "FullName", "StudentCode", "UserId")
      VALUES (@p0, @p1, @p2, @p3)
      RETURNING "Id";
info: Microsoft.Hosting.Lifetime[14]
      Now listening on: http://localhost:5014
info: Microsoft.Hosting.Lifetime[0]
      Application started. Press Ctrl+C to shut down.
info: Microsoft.Hosting.Lifetime[0]
      Hosting environment: Development
info: Microsoft.Hosting.Lifetime[0]
      Content root path: c:\Users\ADMIN\OneDrive\M├íy t├¡nh\exam\src\ExamSystem.API
